<?xml version="1.0" encoding="UTF-8"?>
<testng-results ignored="0" total="5" passed="5" failed="0" skipped="0">
  <reporter-output>
  </reporter-output>
  <suite started-at="2025-09-19T13:18:28Z" name="Suite" finished-at="2025-09-19T13:18:28Z" duration-ms="822">
    <groups>
      <group name="cucumber">
        <method signature="AbstractTestNGCucumberTests.runScenario(io.cucumber.testng.PickleWrapper, io.cucumber.testng.FeatureWrapper)[pri:0, instance:com.runner.LoginRunner@30b6ffe0]" name="runScenario" class="io.cucumber.testng.AbstractTestNGCucumberTests"/>
      </group> <!-- cucumber -->
    </groups>
    <test started-at="2025-09-19T13:18:28Z" name="Test" finished-at="2025-09-19T13:18:28Z" duration-ms="822">
      <class name="com.runner.LoginRunner">
        <test-method is-config="true" signature="setup()[pri:0, instance:com.runner.LoginRunner@30b6ffe0]" started-at="2025-09-19T13:18:28Z" name="setup" finished-at="2025-09-19T13:18:28Z" duration-ms="3" status="PASS">
          <reporter-output>
          </reporter-output>
        </test-method> <!-- setup -->
        <test-method is-config="true" signature="setUpClass(org.testng.ITestContext)[pri:0, instance:com.runner.LoginRunner@30b6ffe0]" started-at="2025-09-19T13:18:28Z" name="setUpClass" finished-at="2025-09-19T13:18:28Z" duration-ms="247" status="PASS">
          <params>
            <param index="0">
              <value>
                <![CDATA[org.testng.TestRunner@69d6a7cd]]>
              </value>
            </param>
          </params>
          <reporter-output>
          </reporter-output>
        </test-method> <!-- setUpClass -->
        <test-method signature="runScenario(io.cucumber.testng.PickleWrapper, io.cucumber.testng.FeatureWrapper)[pri:0, instance:com.runner.LoginRunner@30b6ffe0]" started-at="2025-09-19T13:18:28Z" name="runScenario" description="Runs Cucumber Scenarios" data-provider="scenarios" finished-at="2025-09-19T13:18:28Z" duration-ms="33" status="PASS">
          <params>
            <param index="0">
              <value>
                <![CDATA["As a Automation exercise user, I wanna login with valid credential,"]]>
              </value>
            </param>
            <param index="1">
              <value>
                <![CDATA["Login Functionality Testing"]]>
              </value>
            </param>
          </params>
          <reporter-output>
          </reporter-output>
        </test-method> <!-- runScenario -->
        <test-method signature="runScenario(io.cucumber.testng.PickleWrapper, io.cucumber.testng.FeatureWrapper)[pri:0, instance:com.runner.LoginRunner@30b6ffe0]" started-at="2025-09-19T13:18:28Z" name="runScenario" description="Runs Cucumber Scenarios" data-provider="scenarios" finished-at="2025-09-19T13:18:28Z" duration-ms="11" status="PASS">
          <params>
            <param index="0">
              <value>
                <![CDATA["As a Automation exercise user, I wanna login with valid credential,"]]>
              </value>
            </param>
            <param index="1">
              <value>
                <![CDATA["Login Functionality Testing"]]>
              </value>
            </param>
          </params>
          <reporter-output>
          </reporter-output>
        </test-method> <!-- runScenario -->
        <test-method signature="runScenario(io.cucumber.testng.PickleWrapper, io.cucumber.testng.FeatureWrapper)[pri:0, instance:com.runner.LoginRunner@30b6ffe0]" started-at="2025-09-19T13:18:28Z" name="runScenario" description="Runs Cucumber Scenarios" data-provider="scenarios" finished-at="2025-09-19T13:18:28Z" duration-ms="10" status="PASS">
          <params>
            <param index="0">
              <value>
                <![CDATA["As a Automation Excercise user, i wanna login with valid credential, so that i can use the website"]]>
              </value>
            </param>
            <param index="1">
              <value>
                <![CDATA["Login Functionality Testing"]]>
              </value>
            </param>
          </params>
          <reporter-output>
          </reporter-output>
        </test-method> <!-- runScenario -->
        <test-method signature="runScenario(io.cucumber.testng.PickleWrapper, io.cucumber.testng.FeatureWrapper)[pri:0, instance:com.runner.LoginRunner@30b6ffe0]" started-at="2025-09-19T13:18:28Z" name="runScenario" description="Runs Cucumber Scenarios" data-provider="scenarios" finished-at="2025-09-19T13:18:28Z" duration-ms="5" status="PASS">
          <params>
            <param index="0">
              <value>
                <![CDATA["As an Automation excercise user, I want to login with multiple valid credential,"]]>
              </value>
            </param>
            <param index="1">
              <value>
                <![CDATA["Login Functionality Testing"]]>
              </value>
            </param>
          </params>
          <reporter-output>
          </reporter-output>
        </test-method> <!-- runScenario -->
        <test-method signature="runScenario(io.cucumber.testng.PickleWrapper, io.cucumber.testng.FeatureWrapper)[pri:0, instance:com.runner.LoginRunner@30b6ffe0]" started-at="2025-09-19T13:18:28Z" name="runScenario" description="Runs Cucumber Scenarios" data-provider="scenarios" finished-at="2025-09-19T13:18:28Z" duration-ms="5" status="PASS">
          <params>
            <param index="0">
              <value>
                <![CDATA["As an Automation excercise user, I want to login with multiple valid credential,"]]>
              </value>
            </param>
            <param index="1">
              <value>
                <![CDATA["Login Functionality Testing"]]>
              </value>
            </param>
          </params>
          <reporter-output>
          </reporter-output>
        </test-method> <!-- runScenario -->
        <test-method is-config="true" signature="tearDownClass()[pri:0, instance:com.runner.LoginRunner@30b6ffe0]" started-at="2025-09-19T13:18:28Z" name="tearDownClass" finished-at="2025-09-19T13:18:28Z" duration-ms="501" status="PASS">
          <reporter-output>
          </reporter-output>
        </test-method> <!-- tearDownClass -->
      </class> <!-- com.runner.LoginRunner -->
    </test> <!-- Test -->
  </suite> <!-- Suite -->
</testng-results>
