<?xml version="1.0" encoding="UTF-8"?>
<testng-results ignored="0" total="5" passed="5" failed="0" skipped="0">
  <reporter-output>
  </reporter-output>
  <suite started-at="2025-09-19T08:43:50 EDT" name="Suite" finished-at="2025-09-19T08:43:53 EDT" duration-ms="2526">
    <groups>
      <group name="cucumber">
        <method signature="AbstractTestNGCucumberTests.runScenario(io.cucumber.testng.PickleWrapper,io.cucumber.testng.FeatureWrapper)[pri:0, instance:com.runner.LoginRunner@7b8b43c7]" name="runScenario" class="io.cucumber.testng.AbstractTestNGCucumberTests"/>
      </group> <!-- cucumber -->
    </groups>
    <test started-at="2025-09-19T08:43:50 EDT" name="Test" finished-at="2025-09-19T08:43:53 EDT" duration-ms="2526">
      <class name="com.runner.LoginRunner">
        <test-method is-config="true" signature="setup()[pri:0, instance:com.runner.LoginRunner@7b8b43c7]" started-at="2025-09-19T08:43:50 EDT" name="setup" finished-at="2025-09-19T08:43:50 EDT" duration-ms="15" status="PASS">
          <reporter-output>
          </reporter-output>
        </test-method> <!-- setup -->
        <test-method is-config="true" signature="setUpClass(org.testng.ITestContext)[pri:0, instance:com.runner.LoginRunner@7b8b43c7]" started-at="2025-09-19T08:43:50 EDT" name="setUpClass" finished-at="2025-09-19T08:43:51 EDT" duration-ms="887" status="PASS">
          <params>
            <param index="0">
              <value>
                <![CDATA[org.testng.TestRunner@558756be]]>
              </value>
            </param>
          </params>
          <reporter-output>
          </reporter-output>
        </test-method> <!-- setUpClass -->
        <test-method signature="runScenario(io.cucumber.testng.PickleWrapper,io.cucumber.testng.FeatureWrapper)[pri:0, instance:com.runner.LoginRunner@7b8b43c7]" started-at="2025-09-19T08:43:51 EDT" name="runScenario" description="Runs Cucumber Scenarios" data-provider="scenarios" finished-at="2025-09-19T08:43:51 EDT" duration-ms="119" status="PASS">
          <params>
            <param index="0">
              <value>
                <![CDATA["As a Automation exercise user, I wanna login with valid credential,"]]>
              </value>
            </param>
            <param index="1">
              <value>
                <![CDATA["Login Functionality Testing"]]>
              </value>
            </param>
          </params>
          <reporter-output>
          </reporter-output>
        </test-method> <!-- runScenario -->
        <test-method signature="runScenario(io.cucumber.testng.PickleWrapper,io.cucumber.testng.FeatureWrapper)[pri:0, instance:com.runner.LoginRunner@7b8b43c7]" started-at="2025-09-19T08:43:51 EDT" name="runScenario" description="Runs Cucumber Scenarios" data-provider="scenarios" finished-at="2025-09-19T08:43:51 EDT" duration-ms="24" status="PASS">
          <params>
            <param index="0">
              <value>
                <![CDATA["As a Automation exercise user, I wanna login with valid credential,"]]>
              </value>
            </param>
            <param index="1">
              <value>
                <![CDATA["Login Functionality Testing"]]>
              </value>
            </param>
          </params>
          <reporter-output>
          </reporter-output>
        </test-method> <!-- runScenario -->
        <test-method signature="runScenario(io.cucumber.testng.PickleWrapper,io.cucumber.testng.FeatureWrapper)[pri:0, instance:com.runner.LoginRunner@7b8b43c7]" started-at="2025-09-19T08:43:51 EDT" name="runScenario" description="Runs Cucumber Scenarios" data-provider="scenarios" finished-at="2025-09-19T08:43:51 EDT" duration-ms="44" status="PASS">
          <params>
            <param index="0">
              <value>
                <![CDATA["As a Automation Excercise user, i wanna login with valid credential, so that i can use the website"]]>
              </value>
            </param>
            <param index="1">
              <value>
                <![CDATA["Login Functionality Testing"]]>
              </value>
            </param>
          </params>
          <reporter-output>
          </reporter-output>
        </test-method> <!-- runScenario -->
        <test-method signature="runScenario(io.cucumber.testng.PickleWrapper,io.cucumber.testng.FeatureWrapper)[pri:0, instance:com.runner.LoginRunner@7b8b43c7]" started-at="2025-09-19T08:43:51 EDT" name="runScenario" description="Runs Cucumber Scenarios" data-provider="scenarios" finished-at="2025-09-19T08:43:51 EDT" duration-ms="26" status="PASS">
          <params>
            <param index="0">
              <value>
                <![CDATA["As an Automation excercise user, I want to login with multiple valid credential,"]]>
              </value>
            </param>
            <param index="1">
              <value>
                <![CDATA["Login Functionality Testing"]]>
              </value>
            </param>
          </params>
          <reporter-output>
          </reporter-output>
        </test-method> <!-- runScenario -->
        <test-method signature="runScenario(io.cucumber.testng.PickleWrapper,io.cucumber.testng.FeatureWrapper)[pri:0, instance:com.runner.LoginRunner@7b8b43c7]" started-at="2025-09-19T08:43:51 EDT" name="runScenario" description="Runs Cucumber Scenarios" data-provider="scenarios" finished-at="2025-09-19T08:43:51 EDT" duration-ms="20" status="PASS">
          <params>
            <param index="0">
              <value>
                <![CDATA["As an Automation excercise user, I want to login with multiple valid credential,"]]>
              </value>
            </param>
            <param index="1">
              <value>
                <![CDATA["Login Functionality Testing"]]>
              </value>
            </param>
          </params>
          <reporter-output>
          </reporter-output>
        </test-method> <!-- runScenario -->
        <test-method is-config="true" signature="tearDownClass()[pri:0, instance:com.runner.LoginRunner@7b8b43c7]" started-at="2025-09-19T08:43:51 EDT" name="tearDownClass" finished-at="2025-09-19T08:43:53 EDT" duration-ms="1290" status="PASS">
          <reporter-output>
          </reporter-output>
        </test-method> <!-- tearDownClass -->
      </class> <!-- com.runner.LoginRunner -->
    </test> <!-- Test -->
  </suite> <!-- Suite -->
</testng-results>
